
ROM used:   209/4096 (5%)
            209/4096 (5%) including unused fragments

            0.1 Average locations per line
            0.4 Average locations per statement

RAM used:   11/383 (3%) at main() level
            41/383 (11%) worst case

Stack used: 1 worst case (1 in main + 0 for interrupts)
Stack size: 16

Lines Stmts  %   Files
----- ----- ---  -----
   29    13   3  main.c
  895     0   0  C:\Program Files (x86)\PICC\devices\16F1827.h
 1351   359  72  C:\Program Files (x86)\PICC\drivers\stdlib.h
   32     0   0  C:\Program Files (x86)\PICC\drivers\stddef.h
  423   125  25  C:\Program Files (x86)\PICC\drivers\string.h
   28     0   0  C:\Program Files (x86)\PICC\drivers\ctype.h
----- -----
 2758   497 Total

Page ROM  %  RAM   Vol Diff  Functions:
---- --- --- ---   --- ----  ----------
 Inline        13             @MUL3232
0    128  61    4   101  3.8  rand
 Inline         5             @DIV1616
0     10   5    4    39  2.1  srand
0     68  33    1   359  3.9  MAIN
 Inline         0             @cinit1

Program metrics:
    Functions               3
    Statements              497
    Comments                920
    Volume (V)              635
    Difficulty (D)          9.5
    Effort to implement (E) 6066
    Time to implement (T)   6 minutes
    Est Delivered Bugs (B)  0
    Cyclomatic Complexity   1
    Maintainability (MI)    106

 Segment     Used  Free
-----------  ----  ----
00000-00002     3  0  
00003-007FF   206  1839  
00800-00FFF     0  2048  



